<?xml version="1.0" encoding="UTF-8"?>
<!-- Generated by org.testng.reporters.JUnitReportReporter -->
<testsuite hostname="DESKTOP-IRKIFPQ" name="test.LoginTest" tests="1" failures="0" timestamp="17 Jul 2021 14:33:37 GMT" time="21.079" errors="0">
  <testcase name="Testcase1" time="21.079" classname="test.LoginTest"/>
</testsuite> <!-- test.LoginTest -->
