<?xml version="1.0" encoding="UTF-8"?>
<!-- Generated by org.testng.reporters.JUnitReportReporter -->
<testsuite hostname="DESKTOP-IRKIFPQ" failures="0" tests="1" name="Simplilearn_Maven.Simplilearn_Maven.LoginTest" time="16.245" errors="0" timestamp="2021-07-15T21:07:11 IST" skipped="0">
  <testcase classname="Simplilearn_Maven.Simplilearn_Maven.LoginTest" name="Testcase1" time="16.245"/>
  <system-out/>
</testsuite> <!-- Simplilearn_Maven.Simplilearn_Maven.LoginTest -->
