<?xml version="1.0" encoding="UTF-8"?>
<!-- Generated by org.testng.reporters.JUnitReportReporter -->
<testsuite hostname="DESKTOP-IRKIFPQ" failures="0" tests="1" name="test.LoginTest" time="18.764" errors="0" timestamp="15 Jul 2021 17:30:20 GMT">
  <testcase classname="test.LoginTest" name="Testcase1" time="18.764"/>
</testsuite> <!-- test.LoginTest -->
