<?xml version="1.0" encoding="UTF-8"?>
<!-- Generated by org.testng.reporters.JUnitReportReporter -->
<testsuite hostname="DESKTOP-IRKIFPQ" failures="0" tests="2" name="testNg.Testcase2" time="0.011" errors="0" timestamp="2021-07-11T20:46:44 IST" skipped="0">
  <testcase classname="testNg.Testcase2" name="LoanTest2" time="0.003"/>
  <system-out/>
  <testcase classname="testNg.Testcase2" name="InsuranceTest" time="0.008"/>
  <system-out/>
</testsuite> <!-- testNg.Testcase2 -->
