<?xml version="1.0" encoding="UTF-8"?>
<!-- Generated by org.testng.reporters.JUnitReportReporter -->
<testsuite hostname="DESKTOP-IRKIFPQ" failures="0" tests="3" name="testNg.Testcase1" time="0.019" errors="0" timestamp="2021-07-11T20:47:13 IST" skipped="0">
  <testcase classname="testNg.Testcase1" name="CreditCardTest" time="0.009"/>
  <system-out/>
  <testcase classname="testNg.Testcase1" name="LoanTest1" time="0.006"/>
  <system-out/>
  <testcase classname="testNg.Testcase1" name="LoanTest" time="0.004"/>
  <system-out/>
</testsuite> <!-- testNg.Testcase1 -->
